{"contracts/RaffleStack.sol":{"l":{"57":3,"58":3,"59":3,"60":3,"61":3,"62":3,"63":3,"64":3,"68":5,"69":1,"71":4,"72":1,"74":3,"75":3,"102":1,"103":1,"104":1,"105":1,"106":1,"117":1,"118":1,"119":0,"125":1,"126":1,"133":1,"140":0,"141":0,"142":0,"143":0,"144":0,"145":0,"146":0,"147":0,"148":0,"150":0,"155":6,"159":1,"163":0,"167":1,"172":0,"176":0,"180":0,"184":0,"188":5},"path":"/Users/rishavsharma/Documents/working/Web Dev/Blockchain/Freecodecamp/solidity/blockchain-with-js/RaffleStack/rafflestack-backend/contracts/RaffleStack.sol","s":{"1":3,"2":3,"3":3,"4":3,"5":3,"6":3,"7":3,"8":3,"9":5,"10":4,"11":3,"12":3,"13":1,"14":1,"15":1,"16":1,"17":1,"18":1,"19":1,"20":1,"21":1,"22":1,"23":0,"24":0,"25":0,"26":0,"27":0,"28":0,"29":0,"30":0,"31":0,"32":6,"33":1,"34":0,"35":1,"36":0,"37":0,"38":0,"39":0,"40":5},"b":{"1":[1,4],"2":[1,3],"3":[0,1],"4":[0,0]},"f":{"1":3,"2":5,"3":1,"4":1,"5":0,"6":6,"7":1,"8":0,"9":1,"10":0,"11":0,"12":0,"13":0,"14":5},"fnMap":{"1":{"name":"constructor","line":56,"loc":{"start":{"line":49,"column":2},"end":{"line":65,"column":2}}},"2":{"name":"enterRaffleStack","line":67,"loc":{"start":{"line":67,"column":2},"end":{"line":76,"column":2}}},"3":{"name":"checkUpkeep","line":89,"loc":{"start":{"line":89,"column":2},"end":{"line":107,"column":2}}},"4":{"name":"performUpkeep","line":109,"loc":{"start":{"line":109,"column":2},"end":{"line":134,"column":2}}},"5":{"name":"fulfillRandomWords","line":136,"loc":{"start":{"line":136,"column":2},"end":{"line":151,"column":2}}},"6":{"name":"getEntranceFee","line":154,"loc":{"start":{"line":154,"column":2},"end":{"line":156,"column":2}}},"7":{"name":"getPlayer","line":158,"loc":{"start":{"line":158,"column":2},"end":{"line":160,"column":2}}},"8":{"name":"getRecentWinner","line":162,"loc":{"start":{"line":162,"column":2},"end":{"line":164,"column":2}}},"9":{"name":"getRaffleStackState","line":166,"loc":{"start":{"line":166,"column":2},"end":{"line":168,"column":2}}},"10":{"name":"getNumberOfWords","line":170,"loc":{"start":{"line":170,"column":2},"end":{"line":173,"column":2}}},"11":{"name":"getNumberOfPlayers","line":175,"loc":{"start":{"line":175,"column":2},"end":{"line":177,"column":2}}},"12":{"name":"getLatestTimeStamp","line":179,"loc":{"start":{"line":179,"column":2},"end":{"line":181,"column":2}}},"13":{"name":"getRequestConfirmations","line":183,"loc":{"start":{"line":183,"column":2},"end":{"line":185,"column":2}}},"14":{"name":"getTimeInterval","line":187,"loc":{"start":{"line":187,"column":2},"end":{"line":189,"column":2}}}},"statementMap":{"1":{"start":{"line":57,"column":4},"end":{"line":57,"column":30}},"2":{"start":{"line":58,"column":4},"end":{"line":58,"column":67}},"3":{"start":{"line":59,"column":4},"end":{"line":59,"column":22}},"4":{"start":{"line":60,"column":4},"end":{"line":60,"column":36}},"5":{"start":{"line":61,"column":4},"end":{"line":61,"column":40}},"6":{"start":{"line":62,"column":4},"end":{"line":62,"column":45}},"7":{"start":{"line":63,"column":4},"end":{"line":63,"column":36}},"8":{"start":{"line":64,"column":4},"end":{"line":64,"column":32}},"9":{"start":{"line":68,"column":4},"end":{"line":68,"column":2459}},"10":{"start":{"line":71,"column":4},"end":{"line":71,"column":2551}},"11":{"start":{"line":74,"column":4},"end":{"line":74,"column":38}},"12":{"start":{"line":75,"column":4},"end":{"line":75,"column":39}},"13":{"start":{"line":102,"column":4},"end":{"line":102,"column":63}},"14":{"start":{"line":103,"column":4},"end":{"line":103,"column":76}},"15":{"start":{"line":104,"column":4},"end":{"line":104,"column":51}},"16":{"start":{"line":105,"column":4},"end":{"line":105,"column":47}},"17":{"start":{"line":106,"column":4},"end":{"line":106,"column":74}},"18":{"start":{"line":117,"column":4},"end":{"line":117,"column":43}},"19":{"start":{"line":118,"column":4},"end":{"line":118,"column":4632}},"20":{"start":{"line":125,"column":4},"end":{"line":125,"column":52}},"21":{"start":{"line":126,"column":4},"end":{"line":126,"column":4867}},"22":{"start":{"line":133,"column":4},"end":{"line":133,"column":41}},"23":{"start":{"line":140,"column":4},"end":{"line":140,"column":61}},"24":{"start":{"line":141,"column":4},"end":{"line":141,"column":51}},"25":{"start":{"line":142,"column":4},"end":{"line":142,"column":32}},"26":{"start":{"line":143,"column":4},"end":{"line":143,"column":39}},"27":{"start":{"line":144,"column":4},"end":{"line":144,"column":36}},"28":{"start":{"line":145,"column":4},"end":{"line":145,"column":45}},"29":{"start":{"line":146,"column":4},"end":{"line":146,"column":76}},"30":{"start":{"line":147,"column":4},"end":{"line":147,"column":5954}},"31":{"start":{"line":150,"column":4},"end":{"line":150,"column":35}},"32":{"start":{"line":155,"column":4},"end":{"line":155,"column":24}},"33":{"start":{"line":159,"column":4},"end":{"line":159,"column":27}},"34":{"start":{"line":163,"column":4},"end":{"line":163,"column":25}},"35":{"start":{"line":167,"column":4},"end":{"line":167,"column":29}},"36":{"start":{"line":172,"column":4},"end":{"line":172,"column":20}},"37":{"start":{"line":176,"column":4},"end":{"line":176,"column":27}},"38":{"start":{"line":180,"column":4},"end":{"line":180,"column":26}},"39":{"start":{"line":184,"column":4},"end":{"line":184,"column":32}},"40":{"start":{"line":188,"column":4},"end":{"line":188,"column":25}}},"branchMap":{"1":{"line":68,"type":"if","locations":[{"start":{"line":68,"column":4},"end":{"line":68,"column":4}},{"start":{"line":68,"column":4},"end":{"line":68,"column":4}}]},"2":{"line":71,"type":"if","locations":[{"start":{"line":71,"column":4},"end":{"line":71,"column":4}},{"start":{"line":71,"column":4},"end":{"line":71,"column":4}}]},"3":{"line":118,"type":"if","locations":[{"start":{"line":118,"column":4},"end":{"line":118,"column":4}},{"start":{"line":118,"column":4},"end":{"line":118,"column":4}}]},"4":{"line":147,"type":"if","locations":[{"start":{"line":147,"column":4},"end":{"line":147,"column":4}},{"start":{"line":147,"column":4},"end":{"line":147,"column":4}}]}}},"contracts/test/VRFCoordinatorV2Mock.sol":{"l":{},"path":"/Users/rishavsharma/Documents/working/Web Dev/Blockchain/Freecodecamp/solidity/blockchain-with-js/RaffleStack/rafflestack-backend/contracts/test/VRFCoordinatorV2Mock.sol","s":{},"b":{},"f":{},"fnMap":{},"statementMap":{},"branchMap":{}}}