TN:
SF:/Users/rishavsharma/Documents/working/Web Dev/Blockchain/Freecodecamp/solidity/blockchain-with-js/RaffleStack/rafflestack-backend/contracts/RaffleStack.sol
FN:56,constructor
FN:67,enterRaffleStack
FN:89,checkUpkeep
FN:109,performUpkeep
FN:136,fulfillRandomWords
FN:154,getEntranceFee
FN:158,getPlayer
FN:162,getRecentWinner
FN:166,getRaffleStackState
FN:170,getNumberOfWords
FN:175,getNumberOfPlayers
FN:179,getLatestTimeStamp
FN:183,getRequestConfirmations
FN:187,getTimeInterval
FNF:14
FNH:8
FNDA:3,constructor
FNDA:5,enterRaffleStack
FNDA:1,checkUpkeep
FNDA:1,performUpkeep
FNDA:0,fulfillRandomWords
FNDA:6,getEntranceFee
FNDA:1,getPlayer
FNDA:0,getRecentWinner
FNDA:1,getRaffleStackState
FNDA:0,getNumberOfWords
FNDA:0,getNumberOfPlayers
FNDA:0,getLatestTimeStamp
FNDA:0,getRequestConfirmations
FNDA:5,getTimeInterval
DA:57,3
DA:58,3
DA:59,3
DA:60,3
DA:61,3
DA:62,3
DA:63,3
DA:64,3
DA:68,5
DA:69,1
DA:71,4
DA:72,1
DA:74,3
DA:75,3
DA:102,1
DA:103,1
DA:104,1
DA:105,1
DA:106,1
DA:117,1
DA:118,1
DA:119,0
DA:125,1
DA:126,1
DA:133,1
DA:140,0
DA:141,0
DA:142,0
DA:143,0
DA:144,0
DA:145,0
DA:146,0
DA:147,0
DA:148,0
DA:150,0
DA:155,6
DA:159,1
DA:163,0
DA:167,1
DA:172,0
DA:176,0
DA:180,0
DA:184,0
DA:188,5
LF:44
LH:28
BRDA:68,1,0,1
BRDA:68,1,1,4
BRDA:71,2,0,1
BRDA:71,2,1,3
BRDA:118,3,0,0
BRDA:118,3,1,1
BRDA:147,4,0,0
BRDA:147,4,1,0
BRF:8
BRH:5
end_of_record
TN:
SF:/Users/rishavsharma/Documents/working/Web Dev/Blockchain/Freecodecamp/solidity/blockchain-with-js/RaffleStack/rafflestack-backend/contracts/test/VRFCoordinatorV2Mock.sol
FNF:0
FNH:0
LF:0
LH:0
BRF:0
BRH:0
end_of_record
